This is pdfTeX, Version 3.1415926-2.5-1.40.14 (TeX Live 2013/Debian) (format=pdflatex 2014.6.4)  13 AUG 2014 17:39
entering extended mode
 restricted \write18 enabled.
 %&-line parsing enabled.
**computer_poems.tex
(./computer_poems.tex
LaTeX2e <2011/06/27>
Babel <3.9h> and hyphenation patterns for 2 languages loaded.
(/usr/share/texlive/texmf-dist/tex/latex/base/article.cls
Document Class: article 2007/10/19 v1.4h Standard LaTeX document class
(/usr/share/texlive/texmf-dist/tex/latex/base/size10.clo
File: size10.clo 2007/10/19 v1.4h Standard LaTeX file (size option)
)
\c@part=\count79
\c@section=\count80
\c@subsection=\count81
\c@subsubsection=\count82
\c@paragraph=\count83
\c@subparagraph=\count84
\c@figure=\count85
\c@table=\count86
\abovecaptionskip=\skip41
\belowcaptionskip=\skip42
\bibindent=\dimen102
)
No file computer_poems.aux.
\openout1 = `computer_poems.aux'.

LaTeX Font Info:    Checking defaults for OML/cmm/m/it on input line 8.
LaTeX Font Info:    ... okay on input line 8.
LaTeX Font Info:    Checking defaults for T1/cmr/m/n on input line 8.
LaTeX Font Info:    ... okay on input line 8.
LaTeX Font Info:    Checking defaults for OT1/cmr/m/n on input line 8.
LaTeX Font Info:    ... okay on input line 8.
LaTeX Font Info:    Checking defaults for OMS/cmsy/m/n on input line 8.
LaTeX Font Info:    ... okay on input line 8.
LaTeX Font Info:    Checking defaults for OMX/cmex/m/n on input line 8.
LaTeX Font Info:    ... okay on input line 8.
LaTeX Font Info:    Checking defaults for U/cmr/m/n on input line 8.
LaTeX Font Info:    ... okay on input line 8.
LaTeX Font Info:    External font `cmex10' loaded for size
(Font)              <12> on input line 9.
LaTeX Font Info:    External font `cmex10' loaded for size
(Font)              <8> on input line 9.
LaTeX Font Info:    External font `cmex10' loaded for size
(Font)              <6> on input line 9.

Underfull \hbox (badness 10000) in paragraph at lines 11--34

 []


Underfull \hbox (badness 10000) in paragraph at lines 11--34

 []


Underfull \hbox (badness 10000) in paragraph at lines 11--34

 []


Underfull \hbox (badness 10000) in paragraph at lines 11--34

 []


Underfull \hbox (badness 10000) in paragraph at lines 11--34

 []

[1

{/var/lib/texmf/fonts/map/pdftex/updmap/pdftex.map}]
Underfull \hbox (badness 10000) in paragraph at lines 35--50

 []


Underfull \hbox (badness 10000) in paragraph at lines 35--50

 []


Underfull \hbox (badness 10000) in paragraph at lines 35--50

 []


Underfull \hbox (badness 10000) in paragraph at lines 35--50

 []


Underfull \hbox (badness 10000) in paragraph at lines 35--50

 []

[2]
Underfull \hbox (badness 10000) in paragraph at lines 51--82

 []


Underfull \hbox (badness 10000) in paragraph at lines 51--82

 []


Underfull \hbox (badness 10000) in paragraph at lines 51--82

 []


Underfull \hbox (badness 10000) in paragraph at lines 51--82

 []


Underfull \hbox (badness 10000) in paragraph at lines 51--82

 []

[3]
Underfull \hbox (badness 10000) in paragraph at lines 83--110

 []


Underfull \hbox (badness 10000) in paragraph at lines 83--110

 []


Underfull \hbox (badness 10000) in paragraph at lines 83--110

 []


Underfull \hbox (badness 10000) in paragraph at lines 83--110

 []


Underfull \hbox (badness 10000) in paragraph at lines 83--110

 []

[4]
Underfull \hbox (badness 10000) in paragraph at lines 111--138

 []


Underfull \hbox (badness 10000) in paragraph at lines 111--138

 []


Underfull \hbox (badness 10000) in paragraph at lines 111--138

 []


Underfull \hbox (badness 10000) in paragraph at lines 111--138

 []


Underfull \hbox (badness 10000) in paragraph at lines 111--138

 []

[5]
Underfull \hbox (badness 10000) in paragraph at lines 139--158

 []


Underfull \hbox (badness 10000) in paragraph at lines 139--158

 []


Underfull \hbox (badness 10000) in paragraph at lines 139--158

 []


Underfull \hbox (badness 10000) in paragraph at lines 139--158

 []


Underfull \hbox (badness 10000) in paragraph at lines 139--158

 []

[6]
Underfull \hbox (badness 10000) in paragraph at lines 159--178

 []


Underfull \hbox (badness 10000) in paragraph at lines 159--178

 []


Underfull \hbox (badness 10000) in paragraph at lines 159--178

 []


Underfull \hbox (badness 10000) in paragraph at lines 159--178

 []


Underfull \hbox (badness 10000) in paragraph at lines 159--178

 []

[7]
Underfull \hbox (badness 10000) in paragraph at lines 179--198

 []


Underfull \hbox (badness 10000) in paragraph at lines 179--198

 []


Underfull \hbox (badness 10000) in paragraph at lines 179--198

 []


Underfull \hbox (badness 10000) in paragraph at lines 179--198

 []


Underfull \hbox (badness 10000) in paragraph at lines 179--198

 []

[8]
Underfull \hbox (badness 10000) in paragraph at lines 199--218

 []


Underfull \hbox (badness 10000) in paragraph at lines 199--218

 []


Underfull \hbox (badness 10000) in paragraph at lines 199--218

 []


Underfull \hbox (badness 10000) in paragraph at lines 199--218

 []


Underfull \hbox (badness 10000) in paragraph at lines 199--218

 []

[9]
Underfull \hbox (badness 10000) in paragraph at lines 219--238

 []


Underfull \hbox (badness 10000) in paragraph at lines 219--238

 []


Underfull \hbox (badness 10000) in paragraph at lines 219--238

 []


Underfull \hbox (badness 10000) in paragraph at lines 219--238

 []


Underfull \hbox (badness 10000) in paragraph at lines 219--238

 []

[10]
Underfull \hbox (badness 10000) in paragraph at lines 239--258

 []


Underfull \hbox (badness 10000) in paragraph at lines 239--258

 []


Underfull \hbox (badness 10000) in paragraph at lines 239--258

 []


Underfull \hbox (badness 10000) in paragraph at lines 239--258

 []


Underfull \hbox (badness 10000) in paragraph at lines 239--258

 []

[11]
Underfull \hbox (badness 10000) in paragraph at lines 259--278

 []


Underfull \hbox (badness 10000) in paragraph at lines 259--278

 []


Underfull \hbox (badness 10000) in paragraph at lines 259--278

 []


Underfull \hbox (badness 10000) in paragraph at lines 259--278

 []


Underfull \hbox (badness 10000) in paragraph at lines 259--278

 []

[12]
Underfull \hbox (badness 10000) in paragraph at lines 279--298

 []


Underfull \hbox (badness 10000) in paragraph at lines 279--298

 []


Underfull \hbox (badness 10000) in paragraph at lines 279--298

 []


Underfull \hbox (badness 10000) in paragraph at lines 279--298

 []


Underfull \hbox (badness 10000) in paragraph at lines 279--298

 []

[13]
Underfull \hbox (badness 10000) in paragraph at lines 299--318

 []


Underfull \hbox (badness 10000) in paragraph at lines 299--318

 []


Underfull \hbox (badness 10000) in paragraph at lines 299--318

 []


Underfull \hbox (badness 10000) in paragraph at lines 299--318

 []


Underfull \hbox (badness 10000) in paragraph at lines 299--318

 []

[14]
Underfull \hbox (badness 10000) in paragraph at lines 319--338

 []


Underfull \hbox (badness 10000) in paragraph at lines 319--338

 []


Underfull \hbox (badness 10000) in paragraph at lines 319--338

 []


Underfull \hbox (badness 10000) in paragraph at lines 319--338

 []


Underfull \hbox (badness 10000) in paragraph at lines 319--338

 []

[15]
Underfull \hbox (badness 10000) in paragraph at lines 339--358

 []


Underfull \hbox (badness 10000) in paragraph at lines 339--358

 []


Underfull \hbox (badness 10000) in paragraph at lines 339--358

 []


Underfull \hbox (badness 10000) in paragraph at lines 339--358

 []


Underfull \hbox (badness 10000) in paragraph at lines 339--358

 []

[16]
Underfull \hbox (badness 10000) in paragraph at lines 359--378

 []


Underfull \hbox (badness 10000) in paragraph at lines 359--378

 []


Underfull \hbox (badness 10000) in paragraph at lines 359--378

 []


Underfull \hbox (badness 10000) in paragraph at lines 359--378

 []


Underfull \hbox (badness 10000) in paragraph at lines 359--378

 []

[17]
Underfull \hbox (badness 10000) in paragraph at lines 379--398

 []


Underfull \hbox (badness 10000) in paragraph at lines 379--398

 []


Underfull \hbox (badness 10000) in paragraph at lines 379--398

 []


Underfull \hbox (badness 10000) in paragraph at lines 379--398

 []


Underfull \hbox (badness 10000) in paragraph at lines 379--398

 []

[18]
Underfull \hbox (badness 10000) in paragraph at lines 399--418

 []


Underfull \hbox (badness 10000) in paragraph at lines 399--418

 []


Underfull \hbox (badness 10000) in paragraph at lines 399--418

 []


Underfull \hbox (badness 10000) in paragraph at lines 399--418

 []


Underfull \hbox (badness 10000) in paragraph at lines 399--418

 []

[19]
Underfull \hbox (badness 10000) in paragraph at lines 419--438

 []


Underfull \hbox (badness 10000) in paragraph at lines 419--438

 []


Underfull \hbox (badness 10000) in paragraph at lines 419--438

 []


Underfull \hbox (badness 10000) in paragraph at lines 419--438

 []


Underfull \hbox (badness 10000) in paragraph at lines 419--438

 []

[20]
Underfull \hbox (badness 10000) in paragraph at lines 439--458

 []


Underfull \hbox (badness 10000) in paragraph at lines 439--458

 []


Underfull \hbox (badness 10000) in paragraph at lines 439--458

 []


Underfull \hbox (badness 10000) in paragraph at lines 439--458

 []


Underfull \hbox (badness 10000) in paragraph at lines 439--458

 []

[21] (./computer_poems.aux) ) 
Here is how much of TeX's memory you used:
 221 strings out of 495028
 2409 string characters out of 6181498
 48878 words of memory out of 5000000
 3510 multiletter control sequences out of 15000+600000
 6675 words of font info for 24 fonts, out of 8000000 for 9000
 14 hyphenation exceptions out of 8191
 23i,6n,17p,145b,199s stack positions out of 5000i,500n,10000p,200000b,80000s
</usr/share/texlive/texmf-dist/fonts/type1/public/
amsfonts/cm/cmr10.pfb></usr/share/texlive/texmf-dist/fonts/type1/public/amsfont
s/cm/cmr12.pfb></usr/share/texlive/texmf-dist/fonts/type1/public/amsfonts/cm/cm
r17.pfb>
Output written on computer_poems.pdf (21 pages, 54057 bytes).
PDF statistics:
 84 PDF objects out of 1000 (max. 8388607)
 57 compressed objects within 1 object stream
 0 named destinations out of 1000 (max. 500000)
 1 words of extra memory for PDF output out of 10000 (max. 10000000)

